{
  "0 debug pnpm:scope": {
    "selected": 1
  },
  "1 error pnpm": {
    "code": "ELIFECYCLE",
    "errno": "ENOENT",
    "syscall": "spawn",
    "file": "sh",
    "pkgid": "app@0.0.1",
    "stage": "dev",
    "script": "vite dev \"--\" \"--open\"",
    "pkgname": "app",
    "err": {
      "name": "pnpm",
      "message": "app@0.0.1 dev: `vite dev \"--\" \"--open\"`\nspawn ENOENT",
      "code": "ELIFECYCLE",
      "stack": "pnpm: app@0.0.1 dev: `vite dev \"--\" \"--open\"`\nspawn ENOENT\n    at ChildProcess.<anonymous> (/home/ayrton/.nvm/versions/node/v18.2.0/pnpm-global/5/node_modules/.pnpm/pnpm@7.5.0/node_modules/pnpm/dist/pnpm.cjs:95169:22)\n    at ChildProcess.emit (node:events:527:28)\n    at maybeClose (node:internal/child_process:1090:16)\n    at ChildProcess._handle.onexit (node:internal/child_process:302:5)"
    }
  }
}